<?xml version="1.0" encoding="UTF-8"?>
<testsuite xmlns:xsi="http://www.w3.org/2001/XMLSchema-instance" xsi:noNamespaceSchemaLocation="https://maven.apache.org/surefire/maven-surefire-plugin/xsd/surefire-test-report.xsd" name="amar.demo.SimpleCalculatorTest" time="0.052" tests="4" errors="0" skipped="0" failures="0">
  <properties>
[...]
</properties>
  <testcase name="testSoustraction" classname="amar.demo.SimpleCalculatorTest" time="0.031"/>
  <testcase name="testMultiplication" classname="amar.demo.SimpleCalculatorTest" time="0.001"/>
  <testcase name="testAddition" classname="amar.demo.SimpleCalculatorTest" time="0.001"/>
  <testcase name="testDivision" classname="amar.demo.SimpleCalculatorTest" time="0.001"/>
</testsuite>